Command line:
   JUHTAUTOMAAT_isim_beh.exe
     -simmode  gui
     -simrunnum  0
     -socket  52075

Tue Jan 03 06:17:13 2017


 Elaboration Time: 0.046875 sec

 Current Memory Usage: 348.078 Meg

 Total Signals          : 17
 Total Nets             : 19
 Total Signal Drivers   : 5
 Total Blocks           : 5
 Total Primitive Blocks : 4
 Total Processes        : 5
 Total Traceable Variables  : 15
 Total Scalar Nets and Variables : 520
Total Line Count : 13

 Total Simulation Time: 0.046875 sec

 Current Memory Usage: 663.2 Meg

Tue Jan 03 06:18:14 2017

