Command line:
   OR9g_isim_beh.exe
     -simmode  gui
     -simrunnum  0
     -socket  57746

Wed Jan 04 16:09:19 2017


 Elaboration Time: 0.0625 sec

 Current Memory Usage: 344.523 Meg

 Total Signals          : 10
 Total Nets             : 10
 Total Signal Drivers   : 1
 Total Blocks           : 2
 Total Primitive Blocks : 2
 Total Processes        : 1
 Total Traceable Variables  : 8
 Total Scalar Nets and Variables : 370
Total Line Count : 1

 Total Simulation Time: 0.0625 sec

 Current Memory Usage: 344.523 Meg

Wed Jan 04 16:09:29 2017

