Command line:
   DATAFLOW_isim_beh.exe
     -simmode  gui
     -simrunnum  1
     -socket  62273

Tue Jan 03 14:34:06 2017


 Elaboration Time: 0.046875 sec

 Current Memory Usage: 348.049 Meg

 Total Signals          : 9
 Total Nets             : 30
 Total Signal Drivers   : 22
 Total Blocks           : 4
 Total Primitive Blocks : 4
 Total Processes        : 22
 Total Traceable Variables  : 15
 Total Scalar Nets and Variables : 531
Total Line Count : 22

 Total Simulation Time: 0.046875 sec

 Current Memory Usage: 663.171 Meg

Tue Jan 03 14:34:40 2017

